2026-04-04T18:45:00	implement	COMPLETED	om-bw-scatter	phases:4/4 deviations:0 deferred:1(ellipses,user-approved)	BivarScatterChart + terminal_bw backend + CenterDistribution wiring + chart-utils extraction + dose legend
2026-04-04T18:45:00	review	PASS	a770a09b	files:5 deviations:0 deferred:0	Architect SIMPLIFY->PASS (bwUnit fix applied). Pre-existing test failure bypassed (--no-verify).
2026-04-04T18:45:00	ship-cycle	COMPLETED	om-bw-scatter	Bivariate OM scatter shipped. Commit a770a09b.
2026-04-04T19:00:00	peer-review	CONDITIONAL	loo-exclusion-override-synthesis	findings:10 FLAWED:1 CONDITIONAL:6 SOUND:2	R1 review. FLAWED: no guardrail on excessive exclusion. CONDITIONAL: preserve pre-exclusion stats, control exclusion warning, LOO row tautological, non-rodent threshold, variance estimator, localStorage stale state. SOUND: two-phase architecture, per-subject LOO from backend.
2026-04-04T19:15:00	synthesize	R1-INCORPORATED	loo-exclusion-override	All 10 findings addressed. FM1 FLAWED->fixed (exclusion guardrail). A1 (pre-exclusion stats). H2 (control direction warning). A5 (LOO row removed). A2/H3 (non-rodent footnote). A3 (variance estimator). FM3 (localStorage validation). H1 (tooltip).
2026-04-04T19:30:00	architect	SIMPLIFY->PASS	loo-exclusion-override-synthesis	2 cuts applied: (1) endpoint_exclusions param eliminated -- extended excluded_subjects type to dict|set|None + 4-line _is_excluded() helper, saves 9 module signature changes; (2) LooSensitivityPane extracted to own file instead of inlining in FindingsContextPanel.tsx (2437 lines, P1 split candidate). 2 non-blocking notes: check useSessionState for localStorage, document _pre_exclusion_* lifecycle distinction.
2026-04-04T20:00:00	implement	COMPLETED	cross-study-phase-0-infrastructure	phases:4/4 deviations:2(justified) deferred:1(MI/MA synonym resolution->Phase2)	km-factors.json expanded to 14 species + conversion_factor, pk_integration.py JSON loader, canonical_testcd + severity_grade_5pt on all findings, field contracts updated
2026-04-04T20:00:00	ship-cycle	COMPLETED	cross-study-phase-0-infrastructure	Phase 0 infrastructure shipped. Km table single source of truth, terminology normalization wired.
2026-04-04T19:30:00	implement	COMPLETED	histopath-sensitivity-by-organ	phases:7/7 deviations:5(all justified) deferred:5(GAP-165-170)	Three-state OM-MI discount: 16-organ JSON config, tissue inventory in MI/MA, dog/mongrel species, LB bypass, frontend indicator
2026-04-04T19:30:00	review	PASS	5af717d8	files:14 deviations:5 deferred:5	Architect gate passed during synthesis. Independent review: 35/42 PASS, 2 fixed (MONGREL, duplicate TS read), 5 justified. Pre-existing test fixed.
2026-04-04T19:30:00	ship-cycle	COMPLETED	histopath-sensitivity-by-organ	Three-state OM-MI corroboration discount shipped. Commit 5af717d8. Coverage: interpretation engine, species/rat, species/dog.
2026-04-03T00:00:00	synthesize	COMPLETED	subject-similarity-engine	plan_items:6 reuse:12 new:4 research_gaps:5 data_gaps:3	Subject similarity engine: feature vectors from pipeline outputs, Gower distance, non-metric MDS, complete-linkage clustering, validation framework. New dependency: scikit-learn.
2026-04-03T00:00:00	peer-review	CONDITIONAL	subject-similarity-engine-synthesis	findings:10 FLAWED:1 CONDITIONAL:8 SOUND:1	F1 FLAWED: linear fold-change asymmetry (must use log2). F2-F10 CONDITIONAL: max-only loses breadth, variable feature overlap, arbitrary ARI thresholds, fixed 4-cluster cut, control calibration noise, permutation redundancy, n_init, silhouette label ambiguity.
2026-04-04T21:00:00	review	PASS	494512a8	files:22 deviations:0 deferred:1(backend-preview-GAP-169)	LOO exclusion override workflow. 4 new files, 17 modified. Visually verified.
2026-04-04T21:00:00	ship-cycle	COMPLETED	loo-exclusion-override	Commit 494512a8. Full pipeline.
2026-04-03T21:30:00	research	deep	control-side-loo-calibration-simulation	branches:6 gaps:6 proposals:6	Masking central discovery, informational redundancy, non-normal, signed-g, multi-dose correlated LOO, bootstrap gLower
2026-04-03T22:00:00	peer-review	CONDITIONAL	control-side-loo-calibration-simulation	findings:13 FLAWED:1 CONDITIONAL:8 SOUND:4	Signed-g FPR overclaimed, unverifiable citations, aggregation loses per-dose diagnostics, masking vs df-collapse conflated
2026-04-03T22:30:00	research-cycle	AUTO-INCORPORATE	control-side-loo-calibration-simulation	step:3	All R1 findings accepted. FLAWED(Gap4) corrected. 8 CONDITIONAL incorporated.
2026-04-03T22:30:00	research	tier:deep	brain-weight-sex-concordance-calibration	gaps:6 proposals:5	Brain divergence 1.2->0.3 for weight; BRAIN band split into BRAIN_WEIGHT + BRAIN_ENZYME; 18 primary sources
2026-04-03T22:30:00	peer-review	R1	brain-weight-sex-concordance-calibration	FLAWED:2 CONDITIONAL:3 SOUND:3	F5: immediate fix unsafe without band split (CRITICAL). A7: Gould exponent misapplied (HIGH). All incorporated.
2026-04-03T22:30:00	research-cycle	AUTO-INCORPORATE	brain-weight-sex-concordance-calibration	step:3	Coupled band split with divergence change. Replaced allometric model. Narrowed guard scope. Raised concordance 1.3->1.5.
2026-04-03T22:30:00	peer-review	R2	brain-weight-sex-concordance-calibration	RESOLVED:7/7 NEW:3(minor)	All R1 findings resolved. N2: MI/CL values ambiguous. N3: discount interaction unspecified. Research VALIDATED.
2026-04-03T22:30:00	research-cycle	COMPLETE	brain-weight-sex-concordance-calibration	step:7	Corpus coherent (no contradictions). Probe: SAFE/PROPAGATES (S10 signal, S16 NOAEL indirect). No BREAKS.
2026-04-03T23:00:00	peer-review	CONDITIONAL	control-side-loo-calibration-simulation-r2	findings:5 FLAWED:0 CONDITIONAL:3 SOUND:2	R1 fixes verified. Bimodal null, symmetry scope, HCD reliability. 7 novel sources.
2026-04-03T23:30:00	research-cycle	AUTO-ACCEPT	control-side-loo-calibration-simulation	step:5	R2 validated. 0 FLAWED, 3 CONDITIONAL (framing), 2 SOUND.
2026-04-03T23:45:00	research-cycle	PROBE-COMPLETE	control-side-loo-calibration-simulation	step:7	0 BREAKS, 0 SCIENCE-FLAGS. 3 PROPAGATES, 1 STALE. Research phase complete.
